<?xml version="1.0" encoding="UTF-8"?>
<!-- Generated by org.testng.reporters.JUnitXMLReporter -->
<testsuite hostname="DESKTOP-E83UR7E" failures="1" tests="1" name="Validating Text" time="15.761" errors="0" timestamp="27 Dec 2019 04:02:07 GMT">
  <testcase classname="Academy.ValidateText" name="validateText" time="0.241">
    <failure type="java.lang.AssertionError" message="expected [FEATURED COURSES123] but found [FEATURED COURSES]">
      <![CDATA[java.lang.AssertionError: expected [FEATURED COURSES123] but found [FEATURED COURSES]
	at Academy.ValidateText.validateText(ValidateText.java:34)
... Removed 29 stack frames]]>
    </failure>
  </testcase> <!-- validateText -->
</testsuite> <!-- Validating Text -->
