<?xml version="1.0" encoding="UTF-8"?>
<!-- Generated by org.testng.reporters.JUnitXMLReporter -->
<testsuite hostname="Chaitu" ignored="0" name="Validating Text" tests="1" failures="1" timestamp="27 Dec 2019 13:52:21 GMT" time="23.502" errors="0">
  <testcase name="validateText" time="0.047" classname="Academy.ValidateText">
    <failure type="java.lang.AssertionError" message="expected [FEATURED COURSES123] but found [FEATURED COURSES]">
      <![CDATA[java.lang.AssertionError: expected [FEATURED COURSES123] but found [FEATURED COURSES]
at Academy.ValidateText.validateText(ValidateText.java:34)
... Removed 35 stack frames]]>
    </failure>
  </testcase> <!-- validateText -->
</testsuite> <!-- Validating Text -->
