<?xml version="1.0" encoding="UTF-8"?>
<testsuite xmlns:xsi="http://www.w3.org/2001/XMLSchema-instance" xsi:noNamespaceSchemaLocation="https://maven.apache.org/surefire/maven-surefire-plugin/xsd/surefire-test-report-3.0.xsd" version="3.0" name="TestSuite" time="96.753" tests="4" errors="0" skipped="0" failures="1">
  <properties>
[...]
</properties>
  <testcase name="validateText" classname="Academy.ValidateText" time="0.238">
    <failure message="expected [FEATURED COURSES123] but found [FEATURED COURSES]" type="java.lang.AssertionError"><![CDATA[java.lang.AssertionError: expected [FEATURED COURSES123] but found [FEATURED COURSES]
	at Academy.ValidateText.validateText(ValidateText.java:34)
]]></failure>
    <system-out><![CDATA[10:47:40.540 [main] INFO  resources.Base - Driver is initialized
10:47:47.663 [main] INFO  resources.Base - Navigated to given url
]]></system-out>
    <system-err><![CDATA[Starting ChromeDriver 78.0.3904.105 (60e2d8774a8151efa6a00b1f358371b1e0e07ee2-refs/branch-heads/3904@{#877}) on port 13618
Only local connections are allowed.
Please protect ports used by ChromeDriver and related test frameworks to prevent access by malicious code.
[1577423854.019][WARNING]: This version of ChromeDriver has not been tested with Chrome version 79.
Dec 27, 2019 10:47:40 AM org.openqa.selenium.remote.ProtocolHandshake createSession
INFO: Detected dialect: W3C
]]></system-err>
  </testcase>
  <testcase name="validateText" classname="Academy.ValidateNavigationBar" time="0.186"/>
  <testcase name="basePageNavigation" classname="Academy.HomePage" time="22.674"/>
  <testcase name="basePageNavigation" classname="Academy.HomePage" time="16.213"/>
</testsuite>